/media/media//Video/Personal/projekte/Diashow für Bettinas Schwester/usb-backup/337.jpg
/media/media//Video/Personal/projekte/Diashow für Bettinas Schwester/usb-backup/101.JPG
/media/media//Video/Personal/projekte/Diashow für Bettinas Schwester/usb-backup/party (68).jpg
/media/media//Video/Personal/projekte/Diashow für Bettinas Schwester/usb-backup/26.jpg
/media/media//Video/Personal/projekte/Diashow für Bettinas Schwester/usb-backup/Enya may it be/32.JPG
/media/media//Video/Personal/projekte/Diashow für Bettinas Schwester/usb-backup/Enya may it be/8.jpg
/media/media//Video/Personal/projekte/Diashow für Bettinas Schwester/usb-backup/Enya may it be/23.JPG
/media/media//Video/Personal/projekte/Diashow für Bettinas Schwester/usb-backup/Enya may it be/0.jpg
/media/media//Video/Personal/projekte/Diashow für Bettinas Schwester/usb-backup/Enya may it be/39.JPG
/media/media//Video/Personal/projekte/Diashow für Bettinas Schwester/usb-backup/audio/quellen/Enya - May It Be(1).mp3
/media/media//Video/Personal/projekte/Diashow für Bettinas Schwester/usb-backup/audio/raw/abspann_data/e00/d00/e00002f5.au
/media/media//Video/Personal/projekte/Diashow für Bettinas Schwester/usb-backup/audio/raw/abspann_data/e00/d00/e0000e24.au
/media/media//Video/Personal/projekte/Diashow für Bettinas Schwester/usb-backup/audio/raw/abspann_data/e00/d00/e0000321.au
/media/media//Video/Personal/projekte/Diashow für Bettinas Schwester/usb-backup/audio/raw/abspann_data/e00/d00/e000084b.au
/media/media//Video/Personal/projekte/Diashow für Bettinas Schwester/usb-backup/audio/raw/abspann_data/e00/d00/e0000f5a.au
/media/media//Video/Personal/projekte/Diashow für Bettinas Schwester/usb-backup/audio/raw/abspann_data/e00/d00/e000024c.au
/media/media//Video/Personal/projekte/Diashow für Bettinas Schwester/usb-backup/audio/raw/abspann_data/e00/d00/e0000b21.au
/media/media//Video/Personal/projekte/Diashow für Bettinas Schwester/usb-backup/audio/raw/abspann_data/e00/d00/e000007a.au
/media/media//Video/Personal/projekte/Diashow für Bettinas Schwester/usb-backup/audio/raw/abspann_data/e00/d00/e00003c1.au
/media/media//Video/Personal/projekte/Diashow für Bettinas Schwester/usb-backup/audio/raw/abspann_data/e00/d00/e000006d.au
/media/media//Video/Personal/projekte/Diashow für Bettinas Schwester/usb-backup/audio/raw/abspann_data/e00/d00/e0000ed5.au
/media/media//Video/Personal/projekte/Diashow für Bettinas Schwester/usb-backup/audio/raw/abspann_data/e00/d00/e00005bb.au
/media/media//Video/Personal/projekte/Diashow für Bettinas Schwester/usb-backup/audio/raw/abspann_data/e00/d00/e0000283.au
/media/media//Video/Personal/projekte/Diashow für Bettinas Schwester/usb-backup/audio/raw/abspann_data/e00/d00/e0000e63.au
/media/media//Video/Personal/projekte/Diashow für Bettinas Schwester/usb-backup/audio/raw/abspann_data/e00/d00/e00002b7.au
/media/media//Video/Personal/projekte/Diashow für Bettinas Schwester/usb-backup/audio/raw/abspann_data/e00/d00/e0000a82.au
/media/media//Video/Personal/projekte/Diashow für Bettinas Schwester/usb-backup/audio/raw/abspann_data/e00/d00/e0000385.au
/media/media//Video/Personal/projekte/Diashow für Bettinas Schwester/usb-backup/audio/raw/abspann_data/e00/d00/e000065a.au
/media/media//Video/Personal/projekte/Diashow für Bettinas Schwester/usb-backup/audio/raw/hochzeit teil 3_temp_files/hochzeit teil 3000000.ebmp
/media/media//Video/Personal/projekte/Diashow für Bettinas Schwester/usb-backup/9 (2).jpg
/media/media//Video/Personal/projekte/Diashow für Bettinas Schwester/usb-backup/party (17).jpg
/media/media//Video/Personal/projekte/Diashow für Bettinas Schwester/usb-backup/5 (2).jpg
/media/media//Video/Personal/projekte/Diashow für Bettinas Schwester/usb-backup/Romantik/Party Kumpels (8).jpg
/media/media//Video/Personal/projekte/Diashow für Bettinas Schwester/usb-backup/Romantik/Romantik (44).jpg
/media/media//Video/Personal/projekte/Diashow für Bettinas Schwester/usb-backup/Romantik/Romantik (17).jpg
/media/media//Video/Personal/projekte/Diashow für Bettinas Schwester/usb-backup/Romantik/Romantik (10).JPG
/media/media//Video/Personal/projekte/Diashow für Bettinas Schwester/usb-backup/Romantik/Romantik (54).jpg
/media/media//Video/Personal/projekte/Diashow für Bettinas Schwester/usb-backup/Romantik/Party Kumpels (4).jpg
/media/media//Video/Personal/projekte/Diashow für Bettinas Schwester/usb-backup/Romantik/Romantik (33).jpg
/media/media//Video/Personal/projekte/Diashow für Bettinas Schwester/usb-backup/Romantik/Sven Müller aka Gurke/SM (13).jpg
/media/media//Video/Personal/projekte/Diashow für Bettinas Schwester/usb-backup/Romantik/Sven Müller aka Gurke/SM (26).jpg
/media/media//Video/Personal/projekte/Diashow für Bettinas Schwester/usb-backup/Romantik/Sven Müller aka Gurke/SM (4).jpg
/media/media//Video/Personal/projekte/Diashow für Bettinas Schwester/usb-backup/Romantik/Sven Müller aka Gurke/SM (17).jpg
/media/media//Video/Personal/projekte/Diashow für Bettinas Schwester/usb-backup/Romantik/Sven Müller aka Gurke/SM (8).jpg
/media/media//Video/Personal/projekte/Diashow für Bettinas Schwester/usb-backup/Romantik/Sven Müller aka Gurke/SM (9).jpg
/media/media//Video/Personal/projekte/Diashow für Bettinas Schwester/usb-backup/Romantik/Sven Müller aka Gurke/SM (12).jpg
/media/media//Video/Personal/projekte/Diashow für Bettinas Schwester/usb-backup/Romantik/Sven Müller aka Gurke/SM (1).jpg
/media/media//Video/Personal/projekte/Diashow für Bettinas Schwester/usb-backup/Romantik/Sven Müller aka Gurke/Stellas Hochzeit Mark 1 (158).jpg
/media/media//Video/Personal/projekte/Diashow für Bettinas Schwester/usb-backup/Romantik/Sven Müller aka Gurke/SM (16).jpg
/media/media//Video/Personal/projekte/Diashow für Bettinas Schwester/usb-backup/Romantik/Sven Müller aka Gurke/SM (5).jpg
/media/media//Video/Personal/projekte/Diashow für Bettinas Schwester/usb-backup/Romantik/Sven Müller aka Gurke/SM (18).jpg
/media/media//Video/Personal/projekte/Diashow für Bettinas Schwester/usb-backup/Romantik/Sven Müller aka Gurke/SM (3).jpg
/media/media//Video/Personal/projekte/Diashow für Bettinas Schwester/usb-backup/Romantik/Sven Müller aka Gurke/SM (21).jpg
/media/media//Video/Personal/projekte/Diashow für Bettinas Schwester/usb-backup/Romantik/Sven Müller aka Gurke/SM (25).jpg
/media/media//Video/Personal/projekte/Diashow für Bettinas Schwester/usb-backup/Romantik/Sven Müller aka Gurke/SM (7).jpg
/media/media//Video/Personal/projekte/Diashow für Bettinas Schwester/usb-backup/Romantik/Sven Müller aka Gurke/SM (14).jpg
/media/media//Video/Personal/projekte/Diashow für Bettinas Schwester/usb-backup/Romantik/Sven Müller aka Gurke/SM (15).jpg
/media/media//Video/Personal/projekte/Diashow für Bettinas Schwester/usb-backup/Romantik/Sven Müller aka Gurke/SM (6).jpg
/media/media//Video/Personal/projekte/Diashow für Bettinas Schwester/usb-backup/Romantik/Romantik (55).jpg
/media/media//Video/Personal/projekte/Diashow für Bettinas Schwester/usb-backup/Romantik/Romantik (41).jpg
/media/media//Video/Personal/projekte/Diashow für Bettinas Schwester/usb-backup/Romantik/Stellas Hochzeit Card 1 (268).jpg
/media/media//Video/Personal/projekte/Diashow für Bettinas Schwester/usb-backup/Romantik/Romantik (59).jpg
/media/media//Video/Personal/projekte/Diashow für Bettinas Schwester/usb-backup/Romantik/Enya may it be/5.jpg
/media/media//Video/Personal/projekte/Diashow für Bettinas Schwester/usb-backup/Romantik/Enya may it be/12.jpg
/media/media//Video/Personal/projekte/Diashow für Bettinas Schwester/usb-backup/Romantik/Enya may it be/27.5.jpg
/media/media//Video/Personal/projekte/Diashow für Bettinas Schwester/usb-backup/Romantik/Enya may it be/20.jpg
/media/media//Video/Personal/projekte/Diashow für Bettinas Schwester/usb-backup/Romantik/Enya may it be/27.jpg
/media/media//Video/Personal/projekte/Diashow für Bettinas Schwester/usb-backup/Romantik/Enya may it be/41.JPG
/media/media//Video/Personal/projekte/Diashow für Bettinas Schwester/usb-backup/Romantik/Enya may it be/38.jpg
/media/media//Video/Personal/projekte/Diashow für Bettinas Schwester/usb-backup/Romantik/Enya may it be/36.jpg
/media/media//Video/Personal/projekte/Diashow für Bettinas Schwester/usb-backup/Romantik/Enya may it be/25.JPG
/media/media//Video/Personal/projekte/Diashow für Bettinas Schwester/usb-backup/Romantik/Enya may it be/31.jpg
/media/media//Video/Personal/projekte/Diashow für Bettinas Schwester/usb-backup/Romantik/Enya may it be/17.JPG
/media/media//Video/Personal/projekte/Diashow für Bettinas Schwester/usb-backup/Romantik/Enya may it be/40.JPG
/media/media//Video/Personal/projekte/Diashow für Bettinas Schwester/usb-backup/Romantik/Enya may it be/26.jpg
/media/media//Video/Personal/projekte/Diashow für Bettinas Schwester/usb-backup/Romantik/Enya may it be/32.JPG
/media/media//Video/Personal/projekte/Diashow für Bettinas Schwester/usb-backup/Romantik/Enya may it be/21.jpg
/media/media//Video/Personal/projekte/Diashow für Bettinas Schwester/usb-backup/Romantik/Enya may it be/35.JPG
/media/media//Video/Personal/projekte/Diashow für Bettinas Schwester/usb-backup/Romantik/Enya may it be/14.jpg
/media/media//Video/Personal/projekte/Diashow für Bettinas Schwester/usb-backup/Romantik/Enya may it be/13.jpg
/media/media//Video/Personal/projekte/Diashow für Bettinas Schwester/usb-backup/Romantik/Enya may it be/3.jpg
/media/media//Video/Personal/projekte/Diashow für Bettinas Schwester/usb-backup/Romantik/Enya may it be/4.jpg
/media/media//Video/Personal/projekte/Diashow für Bettinas Schwester/usb-backup/Romantik/Enya may it be/16.JPG
/media/media//Video/Personal/projekte/Diashow für Bettinas Schwester/usb-backup/Romantik/Enya may it be/11.JPG
/media/media//Video/Personal/projekte/Diashow für Bettinas Schwester/usb-backup/Romantik/Enya may it be/24.JPG
/media/media//Video/Personal/projekte/Diashow für Bettinas Schwester/usb-backup/Romantik/Enya may it be/30.jpg
/media/media//Video/Personal/projekte/Diashow für Bettinas Schwester/usb-backup/Romantik/Enya may it be/23.JPG
/media/media//Video/Personal/projekte/Diashow für Bettinas Schwester/usb-backup/Romantik/Enya may it be/37.jpg
/media/media//Video/Personal/projekte/Diashow für Bettinas Schwester/usb-backup/Romantik/Enya may it be/2.JPG
/media/media//Video/Personal/projekte/Diashow für Bettinas Schwester/usb-backup/Romantik/Enya may it be/15.JPG
/media/media//Video/Personal/projekte/Diashow für Bettinas Schwester/usb-backup/Romantik/Enya may it be/34.jpg
/media/media//Video/Personal/projekte/Diashow für Bettinas Schwester/usb-backup/Romantik/Enya may it be/33.jpg
/media/media//Video/Personal/projekte/Diashow für Bettinas Schwester/usb-backup/Romantik/Enya may it be/43.JPG
/media/media//Video/Personal/projekte/Diashow für Bettinas Schwester/usb-backup/Romantik/Enya may it be/44.JPG
/media/media//Video/Personal/projekte/Diashow für Bettinas Schwester/usb-backup/Romantik/Enya may it be/22.jpg
/media/media//Video/Personal/projekte/Diashow für Bettinas Schwester/usb-backup/Romantik/Enya may it be/10.jpg
/media/media//Video/Personal/projekte/Diashow für Bettinas Schwester/usb-backup/Romantik/Enya may it be/9.jpg
/media/media//Video/Personal/projekte/Diashow für Bettinas Schwester/usb-backup/Romantik/Enya may it be/7.jpg
/media/media//Video/Personal/projekte/Diashow für Bettinas Schwester/usb-backup/Romantik/Enya may it be/19.jpg
/media/media//Video/Personal/projekte/Diashow für Bettinas Schwester/usb-backup/Romantik/Enya may it be/0.jpg
/media/media//Video/Personal/projekte/Diashow für Bettinas Schwester/usb-backup/Romantik/Enya may it be/28.JPG
/media/media//Video/Personal/projekte/Diashow für Bettinas Schwester/usb-backup/Romantik/Enya may it be/1.jpg
/media/media//Video/Personal/projekte/Diashow für Bettinas Schwester/usb-backup/Romantik/Enya may it be/6.jpg
/media/media//Video/Personal/projekte/Diashow für Bettinas Schwester/usb-backup/Romantik/Enya may it be/18.jpg
/media/media//Video/Personal/projekte/Diashow für Bettinas Schwester/usb-backup/Romantik/Enya may it be/8.jpg
/media/media//Video/Personal/projekte/Diashow für Bettinas Schwester/usb-backup/Romantik/Enya may it be/39.JPG
/media/media//Video/Personal/projekte/Diashow für Bettinas Schwester/usb-backup/Romantik/Enya may it be/42.JPG
/media/media//Video/Personal/projekte/Diashow für Bettinas Schwester/usb-backup/Romantik/Romantik (45).jpg
/media/media//Video/Personal/projekte/Diashow für Bettinas Schwester/usb-backup/Romantik/Romantik (16).jpg
/media/media//Video/Personal/projekte/Diashow für Bettinas Schwester/usb-backup/Romantik/Romantik (18).jpg
/media/media//Video/Personal/projekte/Diashow für Bettinas Schwester/usb-backup/Romantik/Romantik (53).jpg
/media/media//Video/Personal/projekte/Diashow für Bettinas Schwester/usb-backup/Romantik/Romantik (29).jpg
/media/media//Video/Personal/projekte/Diashow für Bettinas Schwester/usb-backup/Romantik/Romantik (31).jpg
/media/media//Video/Personal/projekte/Diashow für Bettinas Schwester/usb-backup/Romantik/Romantik (43).jpg
/media/media//Video/Personal/projekte/Diashow für Bettinas Schwester/usb-backup/Romantik/Romantik (21).jpg
/media/media//Video/Personal/projekte/Diashow für Bettinas Schwester/usb-backup/Romantik/Romantik (47).jpg
/media/media//Video/Personal/projekte/Diashow für Bettinas Schwester/usb-backup/Romantik/Romantik (14).jpg
/media/media//Video/Personal/projekte/Diashow für Bettinas Schwester/usb-backup/Romantik/Romantik (42).jpg
/media/media//Video/Personal/projekte/Diashow für Bettinas Schwester/usb-backup/Romantik/Romantik (38).jpg
/media/media//Video/Personal/projekte/Diashow für Bettinas Schwester/usb-backup/Romantik/Romantik (11).jpg
/media/media//Video/Personal/projekte/Diashow für Bettinas Schwester/usb-backup/Romantik/Romantik (20).jpg
/media/media//Video/Personal/projekte/Diashow für Bettinas Schwester/usb-backup/Romantik/Romantik (37).JPG
/media/media//Video/Personal/projekte/Diashow für Bettinas Schwester/usb-backup/Romantik/Romantik (15).jpg
/media/media//Video/Personal/projekte/Diashow für Bettinas Schwester/usb-backup/Romantik/Romantik (19).jpg
/media/media//Video/Personal/projekte/Diashow für Bettinas Schwester/usb-backup/Romantik/Romantik (5).jpg
/media/media//Video/Personal/projekte/Diashow für Bettinas Schwester/usb-backup/Romantik/Romantik (30).jpg
/media/media//Video/Personal/projekte/Diashow für Bettinas Schwester/usb-backup/Romantik/Romantik (56).jpg
/media/media//Video/Personal/projekte/Diashow für Bettinas Schwester/usb-backup/Romantik/Stellas Hochzeit Card 1 (267).jpg
/media/media//Video/Personal/projekte/Diashow für Bettinas Schwester/usb-backup/Romantik/Romantik (27).JPG
/media/media//Video/Personal/projekte/Diashow für Bettinas Schwester/usb-backup/party (61).jpg
/media/media//Video/Personal/projekte/Diashow für Bettinas Schwester/usb-backup/312.jpg
/media/media//Video/Personal/projekte/Diashow für Bettinas Schwester/usb-backup/231.jpg
/media/media//Video/Personal/projekte/Diashow für Bettinas Schwester/usb-backup/party (32).jpg
/media/media//Video/Personal/projekte/Diashow für Bettinas Schwester/usb-backup/party (10).JPG
/media/media//Video/Personal/projekte/Diashow für Bettinas Schwester/usb-backup/party (48).jpg
/media/media//Video/Personal/projekte/Diashow für Bettinas Schwester/usb-backup/182.jpg
/media/media//Video/Personal/projekte/Diashow für Bettinas Schwester/usb-backup/2 (2).JPG
/media/media//Video/Personal/projekte/Diashow für Bettinas Schwester/usb-backup/99.JPG
/media/media//Video/Personal/projekte/Diashow für Bettinas Schwester/usb-backup/party (65).jpg
/media/media//Video/Personal/projekte/Diashow für Bettinas Schwester/usb-backup/352.jpg
/media/media//Video/Personal/projekte/Diashow für Bettinas Schwester/usb-backup/97.JPG
/media/media//Video/Personal/projekte/Diashow für Bettinas Schwester/usb-backup/tiere/bild.jpg
/media/media//Video/Personal/projekte/Diashow für Bettinas Schwester/usb-backup/217.JPG
/media/media//Video/Personal/projekte/Diashow für Bettinas Schwester/usb-backup/100.JPG
/media/media//Video/Personal/projekte/Diashow für Bettinas Schwester/usb-backup/party (8).JPG
/media/media//Video/Personal/projekte/Diashow für Bettinas Schwester/usb-backup/63.jpg
/media/media//Video/Personal/projekte/Diashow für Bettinas Schwester/usb-backup/311.jpg
/media/media//Video/Personal/projekte/Diashow für Bettinas Schwester/usb-backup/11 (2).JPG
/media/media//Video/Personal/projekte/Diashow für Bettinas Schwester/usb-backup/181.jpg
/media/media//Video/Personal/projekte/Diashow für Bettinas Schwester/usb-backup/247.jpg
/media/media//Video/Personal/projekte/Diashow für Bettinas Schwester/usb-backup/296.jpg
/media/media//Video/Personal/projekte/Diashow für Bettinas Schwester/usb-backup/186.jpg
/media/media//Video/Personal/projekte/Diashow für Bettinas Schwester/usb-backup/urDrive/Config/AdsDownload.xml
/media/media//Video/Personal/projekte/Diashow für Bettinas Schwester/usb-backup/urDrive/Config/AppConfig.xml
/media/media//Video/Personal/projekte/Diashow für Bettinas Schwester/usb-backup/urDrive/Resources/Background/admovie.jpg
/media/media//Video/Personal/projekte/Diashow für Bettinas Schwester/usb-backup/urDrive/Resources/MaxthonPortable/AppData/Public/SmartUrl/UrlData.dat
/media/media//Video/Personal/projekte/Diashow für Bettinas Schwester/usb-backup/urDrive/Resources/MaxthonPortable/AppData/Public/PicLib/PicLib.dat
/media/media//Video/Personal/projekte/Diashow für Bettinas Schwester/usb-backup/urDrive/Resources/UserGuide/Images/PlImages/image001.gif
/media/media//Video/Personal/projekte/Diashow für Bettinas Schwester/usb-backup/urDrive/Resources/UserGuide/Images/PlImages/image023.jpg
/media/media//Video/Personal/projekte/Diashow für Bettinas Schwester/usb-backup/urDrive/Resources/UserGuide/Images/PlImages/image071.gif
/media/media//Video/Personal/projekte/Diashow für Bettinas Schwester/usb-backup/urDrive/Resources/UserGuide/Images/PlImages/image003.jpg
/media/media//Video/Personal/projekte/Diashow für Bettinas Schwester/usb-backup/urDrive/Resources/UserGuide/Images/FrImages/image011.jpg
/media/media//Video/Personal/projekte/Diashow für Bettinas Schwester/usb-backup/urDrive/Resources/UserGuide/Images/FrImages/image047.jpg
/media/media//Video/Personal/projekte/Diashow für Bettinas Schwester/usb-backup/urDrive/Resources/UserGuide/Images/FrImages/image065.jpg
/media/media//Video/Personal/projekte/Diashow für Bettinas Schwester/usb-backup/urDrive/Resources/UserGuide/Images/FrImages/image010.jpg
/media/media//Video/Personal/projekte/Diashow für Bettinas Schwester/usb-backup/urDrive/Resources/UserGuide/Images/FrImages/image001.jpg
/media/media//Video/Personal/projekte/Diashow für Bettinas Schwester/usb-backup/urDrive/Resources/UserGuide/Images/FrImages/image034.jpg
/media/media//Video/Personal/projekte/Diashow für Bettinas Schwester/usb-backup/urDrive/Resources/UserGuide/Images/FrImages/image048.jpg
/media/media//Video/Personal/projekte/Diashow für Bettinas Schwester/usb-backup/urDrive/Resources/UserGuide/Images/FrImages/image054.jpg
/media/media//Video/Personal/projekte/Diashow für Bettinas Schwester/usb-backup/urDrive/Resources/UserGuide/Images/FrImages/image036.gif
/media/media//Video/Personal/projekte/Diashow für Bettinas Schwester/usb-backup/urDrive/Resources/UserGuide/Images/FrImages/image012.jpg
/media/media//Video/Personal/projekte/Diashow für Bettinas Schwester/usb-backup/urDrive/Resources/UserGuide/Images/FrImages/image055.jpg
/media/media//Video/Personal/projekte/Diashow für Bettinas Schwester/usb-backup/urDrive/Resources/UserGuide/Images/RuImages/image037.gif
/media/media//Video/Personal/projekte/Diashow für Bettinas Schwester/usb-backup/urDrive/Resources/UserGuide/Images/RuImages/image012.jpg
/media/media//Video/Personal/projekte/Diashow für Bettinas Schwester/usb-backup/urDrive/Resources/UserGuide/Images/RuImages/image045.gif
/media/media//Video/Personal/projekte/Diashow für Bettinas Schwester/usb-backup/urDrive/Resources/UserGuide/Images/RuImages/image055.jpg
/media/media//Video/Personal/projekte/Diashow für Bettinas Schwester/usb-backup/urDrive/Resources/UserGuide/Images/RuImages/image002.jpg
/media/media//Video/Personal/projekte/Diashow für Bettinas Schwester/usb-backup/urDrive/Resources/UserGuide/Images/RuImages/image067.gif
/media/media//Video/Personal/projekte/Diashow für Bettinas Schwester/usb-backup/urDrive/Resources/UserGuide/Images/RuImages/image066.jpg
/media/media//Video/Personal/projekte/Diashow für Bettinas Schwester/usb-backup/urDrive/Resources/UserGuide/Images/RuImages/image013.jpg
/media/media//Video/Personal/projekte/Diashow für Bettinas Schwester/usb-backup/urDrive/Resources/UserGuide/Images/RuImages/image040.gif
/media/media//Video/Personal/projekte/Diashow für Bettinas Schwester/usb-backup/urDrive/Resources/UserGuide/Images/RuImages/image049.gif
/media/media//Video/Personal/projekte/Diashow für Bettinas Schwester/usb-backup/urDrive/Resources/UserGuide/Images/RuImages/image056.gif
/media/media//Video/Personal/projekte/Diashow für Bettinas Schwester/usb-backup/urDrive/Resources/UserGuide/Images/RuImages/image048.jpg
/media/media//Video/Personal/projekte/Diashow für Bettinas Schwester/usb-backup/urDrive/Resources/UserGuide/Images/RuImages/image034.jpg
/media/media//Video/Personal/projekte/Diashow für Bettinas Schwester/usb-backup/urDrive/Resources/UserGuide/Images/RuImages/image011.jpg
/media/media//Video/Personal/projekte/Diashow für Bettinas Schwester/usb-backup/urDrive/Resources/UserGuide/Images/RuImages/image001.gif
/media/media//Video/Personal/projekte/Diashow für Bettinas Schwester/usb-backup/urDrive/Resources/UserGuide/Images/PtImages/image049.gif
/media/media//Video/Personal/projekte/Diashow für Bettinas Schwester/usb-backup/urDrive/Resources/UserGuide/Images/PtImages/image040.gif
/media/media//Video/Personal/projekte/Diashow für Bettinas Schwester/usb-backup/urDrive/Resources/UserGuide/Images/PtImages/image056.gif
/media/media//Video/Personal/projekte/Diashow für Bettinas Schwester/usb-backup/urDrive/Resources/UserGuide/Images/PtImages/image034.jpg
/media/media//Video/Personal/projekte/Diashow für Bettinas Schwester/usb-backup/urDrive/Resources/UserGuide/Images/PtImages/image033.gif
/media/media//Video/Personal/projekte/Diashow für Bettinas Schwester/usb-backup/urDrive/Resources/UserGuide/Images/PtImages/image011.jpg
/media/media//Video/Personal/projekte/Diashow für Bettinas Schwester/usb-backup/urDrive/Resources/UserGuide/Images/PtImages/image001.gif
/media/media//Video/Personal/projekte/Diashow für Bettinas Schwester/usb-backup/urDrive/Resources/UserGuide/Images/PtImages/image035.jpg
/media/media//Video/Personal/projekte/Diashow für Bettinas Schwester/usb-backup/urDrive/Resources/UserGuide/Images/PtImages/image031.jpg
/media/media//Video/Personal/projekte/Diashow für Bettinas Schwester/usb-backup/urDrive/Resources/UserGuide/Images/PtImages/image045.gif
/media/media//Video/Personal/projekte/Diashow für Bettinas Schwester/usb-backup/urDrive/Resources/UserGuide/Images/PtImages/image012.jpg
/media/media//Video/Personal/projekte/Diashow für Bettinas Schwester/usb-backup/urDrive/Resources/UserGuide/Images/PtImages/image037.gif
/media/media//Video/Personal/projekte/Diashow für Bettinas Schwester/usb-backup/urDrive/Resources/UserGuide/Images/PtImages/image002.jpg
/media/media//Video/Personal/projekte/Diashow für Bettinas Schwester/usb-backup/urDrive/Resources/UserGuide/Images/PtImages/image067.gif
/media/media//Video/Personal/projekte/Diashow für Bettinas Schwester/usb-backup/urDrive/Resources/UserGuide/Images/PtImages/image013.jpg
/media/media//Video/Personal/projekte/Diashow für Bettinas Schwester/usb-backup/urDrive/Resources/UserGuide/Images/TchImages/image013.jpg
/media/media//Video/Personal/projekte/Diashow für Bettinas Schwester/usb-backup/urDrive/Resources/UserGuide/Images/TchImages/image002.jpg
/media/media//Video/Personal/projekte/Diashow für Bettinas Schwester/usb-backup/urDrive/Resources/UserGuide/Images/TchImages/image005.jpg
/media/media//Video/Personal/projekte/Diashow für Bettinas Schwester/usb-backup/urDrive/Resources/UserGuide/Images/TchImages/image037.gif
/media/media//Video/Personal/projekte/Diashow für Bettinas Schwester/usb-backup/urDrive/Resources/UserGuide/Images/TchImages/image012.jpg
/media/media//Video/Personal/projekte/Diashow für Bettinas Schwester/usb-backup/urDrive/Resources/UserGuide/Images/TchImages/image031.jpg
/media/media//Video/Personal/projekte/Diashow für Bettinas Schwester/usb-backup/urDrive/Resources/UserGuide/Images/TchImages/image068.gif
/media/media//Video/Personal/projekte/Diashow für Bettinas Schwester/usb-backup/urDrive/Resources/UserGuide/Images/TchImages/image050.gif
/media/media//Video/Personal/projekte/Diashow für Bettinas Schwester/usb-backup/urDrive/Resources/UserGuide/Images/TchImages/image057.gif
/media/media//Video/Personal/projekte/Diashow für Bettinas Schwester/usb-backup/urDrive/Resources/UserGuide/Images/TchImages/image035.jpg
/media/media//Video/Personal/projekte/Diashow für Bettinas Schwester/usb-backup/urDrive/Resources/UserGuide/Images/TchImages/image056.jpg
/media/media//Video/Personal/projekte/Diashow für Bettinas Schwester/usb-backup/urDrive/Resources/UserGuide/Images/TchImages/image001.gif
/media/media//Video/Personal/projekte/Diashow für Bettinas Schwester/usb-backup/urDrive/Resources/UserGuide/Images/TchImages/image033.gif
/media/media//Video/Personal/projekte/Diashow für Bettinas Schwester/usb-backup/urDrive/Resources/UserGuide/Images/TchImages/image011.jpg
/media/media//Video/Personal/projekte/Diashow für Bettinas Schwester/usb-backup/urDrive/Resources/UserGuide/Images/TchImages/image046.gif
/media/media//Video/Personal/projekte/Diashow für Bettinas Schwester/usb-backup/urDrive/Resources/UserGuide/Images/TchImages/image034.jpg
/media/media//Video/Personal/projekte/Diashow für Bettinas Schwester/usb-backup/urDrive/Resources/UserGuide/Images/TchImages/image040.gif
/media/media//Video/Personal/projekte/Diashow für Bettinas Schwester/usb-backup/urDrive/Resources/UserGuide/Images/EnImages/image047.png
/media/media//Video/Personal/projekte/Diashow für Bettinas Schwester/usb-backup/urDrive/Resources/UserGuide/Images/EnImages/image063.png
/media/media//Video/Personal/projekte/Diashow für Bettinas Schwester/usb-backup/urDrive/Resources/UserGuide/Images/EnImages/image005.jpg
/media/media//Video/Personal/projekte/Diashow für Bettinas Schwester/usb-backup/urDrive/Resources/UserGuide/Images/EnImages/image012.jpg
/media/media//Video/Personal/projekte/Diashow für Bettinas Schwester/usb-backup/urDrive/Resources/UserGuide/Images/EnImages/image034.png
/media/media//Video/Personal/projekte/Diashow für Bettinas Schwester/usb-backup/urDrive/Resources/UserGuide/Images/EnImages/image033.png
/media/media//Video/Personal/projekte/Diashow für Bettinas Schwester/usb-backup/urDrive/Resources/UserGuide/Images/EnImages/image053.png
/media/media//Video/Personal/projekte/Diashow für Bettinas Schwester/usb-backup/urDrive/Resources/UserGuide/Images/EnImages/image002.png
/media/media//Video/Personal/projekte/Diashow für Bettinas Schwester/usb-backup/urDrive/Resources/UserGuide/Images/DeImages/image067.gif
/media/media//Video/Personal/projekte/Diashow für Bettinas Schwester/usb-backup/urDrive/Resources/UserGuide/Images/DeImages/image042.jpg
/media/media//Video/Personal/projekte/Diashow für Bettinas Schwester/usb-backup/urDrive/Resources/UserGuide/Images/DeImages/image002.jpg
/media/media//Video/Personal/projekte/Diashow für Bettinas Schwester/usb-backup/urDrive/Resources/UserGuide/Images/DeImages/image068.gif
/media/media//Video/Personal/projekte/Diashow für Bettinas Schwester/usb-backup/urDrive/Resources/UserGuide/Images/DeImages/image037.gif
/media/media//Video/Personal/projekte/Diashow für Bettinas Schwester/usb-backup/urDrive/Resources/UserGuide/Images/DeImages/image001.gif
/media/media//Video/Personal/projekte/Diashow für Bettinas Schwester/usb-backup/urDrive/Resources/UserGuide/Images/DeImages/image046.gif
/media/media//Video/Personal/projekte/Diashow für Bettinas Schwester/usb-backup/urDrive/Resources/UserGuide/Images/DeImages/image050.gif
/media/media//Video/Personal/projekte/Diashow für Bettinas Schwester/usb-backup/urDrive/Resources/UserGuide/Images/DeImages/image057.gif
/media/media//Video/Personal/projekte/Diashow für Bettinas Schwester/usb-backup/urDrive/Resources/UserGuide/Images/DeImages/image040.gif
/media/media//Video/Personal/projekte/Diashow für Bettinas Schwester/usb-backup/urDrive/Resources/UserGuide/Images/DeImages/image049.gif
/media/media//Video/Personal/projekte/Diashow für Bettinas Schwester/usb-backup/urDrive/Resources/UserGuide/Images/DeImages/image033.jpg
/media/media//Video/Personal/projekte/Diashow für Bettinas Schwester/usb-backup/urDrive/Resources/UserGuide/Images/SchImages/image033.gif
/media/media//Video/Personal/projekte/Diashow für Bettinas Schwester/usb-backup/urDrive/Resources/UserGuide/Images/SchImages/image001.gif
/media/media//Video/Personal/projekte/Diashow für Bettinas Schwester/usb-backup/urDrive/Resources/UserGuide/Images/SchImages/image035.jpg
/media/media//Video/Personal/projekte/Diashow für Bettinas Schwester/usb-backup/urDrive/Resources/UserGuide/Images/SchImages/image049.gif
/media/media//Video/Personal/projekte/Diashow für Bettinas Schwester/usb-backup/urDrive/Resources/UserGuide/Images/SchImages/image040.gif
/media/media//Video/Personal/projekte/Diashow für Bettinas Schwester/usb-backup/urDrive/Resources/UserGuide/Images/SchImages/image056.gif
/media/media//Video/Personal/projekte/Diashow für Bettinas Schwester/usb-backup/urDrive/Resources/UserGuide/Images/SchImages/image008.jpg
/media/media//Video/Personal/projekte/Diashow für Bettinas Schwester/usb-backup/urDrive/Resources/UserGuide/Images/SchImages/image048.jpg
/media/media//Video/Personal/projekte/Diashow für Bettinas Schwester/usb-backup/urDrive/Resources/UserGuide/Images/SchImages/image034.jpg
/media/media//Video/Personal/projekte/Diashow für Bettinas Schwester/usb-backup/urDrive/Resources/UserGuide/Images/SchImages/image002.jpg
/media/media//Video/Personal/projekte/Diashow für Bettinas Schwester/usb-backup/urDrive/Resources/UserGuide/Images/SchImages/image005.jpg
/media/media//Video/Personal/projekte/Diashow für Bettinas Schwester/usb-backup/urDrive/Resources/UserGuide/Images/SchImages/image060.gif
/media/media//Video/Personal/projekte/Diashow für Bettinas Schwester/usb-backup/urDrive/Resources/UserGuide/Images/SchImages/image067.gif
/media/media//Video/Personal/projekte/Diashow für Bettinas Schwester/usb-backup/urDrive/Resources/UserGuide/Images/SchImages/image013.jpg
/media/media//Video/Personal/projekte/Diashow für Bettinas Schwester/usb-backup/urDrive/Resources/UserGuide/Images/SchImages/image066.jpg
/media/media//Video/Personal/projekte/Diashow für Bettinas Schwester/usb-backup/urDrive/Resources/UserGuide/Images/SchImages/image031.jpg
/media/media//Video/Personal/projekte/Diashow für Bettinas Schwester/usb-backup/urDrive/Resources/UserGuide/Images/SchImages/image045.gif
/media/media//Video/Personal/projekte/Diashow für Bettinas Schwester/usb-backup/urDrive/Resources/UserGuide/Images/SchImages/image037.gif
/media/media//Video/Personal/projekte/Diashow für Bettinas Schwester/usb-backup/urDrive/Resources/UserGuide/Images/SchImages/image055.jpg
/media/media//Video/Personal/projekte/Diashow für Bettinas Schwester/usb-backup/urDrive/Resources/UserGuide/Images/TrImages/image031.jpg
/media/media//Video/Personal/projekte/Diashow für Bettinas Schwester/usb-backup/urDrive/Resources/UserGuide/Images/TrImages/image055.jpg
/media/media//Video/Personal/projekte/Diashow für Bettinas Schwester/usb-backup/urDrive/Resources/UserGuide/Images/TrImages/image012.jpg
/media/media//Video/Personal/projekte/Diashow für Bettinas Schwester/usb-backup/urDrive/Resources/UserGuide/Images/TrImages/image037.gif
/media/media//Video/Personal/projekte/Diashow für Bettinas Schwester/usb-backup/urDrive/Resources/UserGuide/Images/TrImages/image002.jpg
/media/media//Video/Personal/projekte/Diashow für Bettinas Schwester/usb-backup/urDrive/Resources/UserGuide/Images/TrImages/image013.jpg
/media/media//Video/Personal/projekte/Diashow für Bettinas Schwester/usb-backup/urDrive/Resources/UserGuide/Images/TrImages/image066.jpg
/media/media//Video/Personal/projekte/Diashow für Bettinas Schwester/usb-backup/urDrive/Resources/UserGuide/Images/TrImages/image034.jpg
/media/media//Video/Personal/projekte/Diashow für Bettinas Schwester/usb-backup/urDrive/Resources/UserGuide/Images/TrImages/image048.jpg
/media/media//Video/Personal/projekte/Diashow für Bettinas Schwester/usb-backup/urDrive/Resources/UserGuide/Images/TrImages/image046.jpg
/media/media//Video/Personal/projekte/Diashow für Bettinas Schwester/usb-backup/urDrive/Resources/UserGuide/Images/TrImages/image001.gif
/media/media//Video/Personal/projekte/Diashow für Bettinas Schwester/usb-backup/urDrive/Resources/UserGuide/Images/TrImages/image040.jpg
/media/media//Video/Personal/projekte/Diashow für Bettinas Schwester/usb-backup/urDrive/Resources/UserGuide/Images/TrImages/image049.jpg
/media/media//Video/Personal/projekte/Diashow für Bettinas Schwester/usb-backup/urDrive/Resources/UserGuide/Images/ItImages/image055.jpg
/media/media//Video/Personal/projekte/Diashow für Bettinas Schwester/usb-backup/urDrive/Resources/UserGuide/Images/ItImages/image012.jpg
/media/media//Video/Personal/projekte/Diashow für Bettinas Schwester/usb-backup/urDrive/Resources/UserGuide/Images/ItImages/image031.jpg
/media/media//Video/Personal/projekte/Diashow für Bettinas Schwester/usb-backup/urDrive/Resources/UserGuide/Images/ItImages/image013.jpg
/media/media//Video/Personal/projekte/Diashow für Bettinas Schwester/usb-backup/urDrive/Resources/UserGuide/Images/ItImages/image066.jpg
/media/media//Video/Personal/projekte/Diashow für Bettinas Schwester/usb-backup/urDrive/Resources/UserGuide/Images/ItImages/image067.gif
/media/media//Video/Personal/projekte/Diashow für Bettinas Schwester/usb-backup/urDrive/Resources/UserGuide/Images/ItImages/image045.jpg
/media/media//Video/Personal/projekte/Diashow für Bettinas Schwester/usb-backup/urDrive/Resources/UserGuide/Images/ItImages/image002.jpg
/media/media//Video/Personal/projekte/Diashow für Bettinas Schwester/usb-backup/urDrive/Resources/UserGuide/Images/ItImages/image034.jpg
/media/media//Video/Personal/projekte/Diashow für Bettinas Schwester/usb-backup/urDrive/Resources/UserGuide/Images/ItImages/image048.jpg
/media/media//Video/Personal/projekte/Diashow für Bettinas Schwester/usb-backup/urDrive/Resources/UserGuide/Images/ItImages/image056.gif
/media/media//Video/Personal/projekte/Diashow für Bettinas Schwester/usb-backup/urDrive/Resources/UserGuide/Images/ItImages/image040.jpg
/media/media//Video/Personal/projekte/Diashow für Bettinas Schwester/usb-backup/urDrive/Resources/UserGuide/Images/ItImages/image035.jpg
/media/media//Video/Personal/projekte/Diashow für Bettinas Schwester/usb-backup/urDrive/Resources/UserGuide/Images/ItImages/image049.jpg
/media/media//Video/Personal/projekte/Diashow für Bettinas Schwester/usb-backup/urDrive/Resources/UserGuide/Images/ItImages/image001.gif
/media/media//Video/Personal/projekte/Diashow für Bettinas Schwester/usb-backup/urDrive/Resources/UserGuide/Images/ItImages/image011.jpg
/media/media//Video/Personal/projekte/Diashow für Bettinas Schwester/usb-backup/urDrive/Resources/UserGuide/Images/ThImages/image055.gif
/media/media//Video/Personal/projekte/Diashow für Bettinas Schwester/usb-backup/urDrive/Resources/UserGuide/Images/ThImages/image036.jpg
/media/media//Video/Personal/projekte/Diashow für Bettinas Schwester/usb-backup/urDrive/Resources/UserGuide/Images/ThImages/image066.gif
/media/media//Video/Personal/projekte/Diashow für Bettinas Schwester/usb-backup/urDrive/Resources/UserGuide/Images/ThImages/image003.jpg
/media/media//Video/Personal/projekte/Diashow für Bettinas Schwester/usb-backup/urDrive/Resources/UserGuide/Images/ThImages/image032.jpg
/media/media//Video/Personal/projekte/Diashow für Bettinas Schwester/usb-backup/urDrive/Resources/UserGuide/Images/ThImages/image047.jpg
/media/media//Video/Personal/projekte/Diashow für Bettinas Schwester/usb-backup/urDrive/Resources/UserGuide/Images/ThImages/image001.gif
/media/media//Video/Personal/projekte/Diashow für Bettinas Schwester/usb-backup/urDrive/Resources/UserGuide/Images/ThImages/image056.gif
/media/media//Video/Personal/projekte/Diashow für Bettinas Schwester/usb-backup/urDrive/Resources/UserGuide/Images/ThImages/image041.jpg
/media/media//Video/Personal/projekte/Diashow für Bettinas Schwester/usb-backup/urDrive/Resources/UserGuide/Images/ThImages/image049.gif
/media/media//Video/Personal/projekte/Diashow für Bettinas Schwester/usb-backup/urDrive/Resources/UserGuide/Images/ThImages/image035.gif
/media/media//Video/Personal/projekte/Diashow für Bettinas Schwester/usb-backup/urDrive/Resources/UserGuide/Images/EsImages/image067.gif
/media/media//Video/Personal/projekte/Diashow für Bettinas Schwester/usb-backup/urDrive/Resources/UserGuide/Images/EsImages/image055.gif
/media/media//Video/Personal/projekte/Diashow für Bettinas Schwester/usb-backup/urDrive/Resources/UserGuide/Images/EsImages/image002.jpg
/media/media//Video/Personal/projekte/Diashow für Bettinas Schwester/usb-backup/urDrive/Resources/UserGuide/Images/EsImages/image066.gif
/media/media//Video/Personal/projekte/Diashow für Bettinas Schwester/usb-backup/urDrive/Resources/UserGuide/Images/EsImages/image031.jpg
/media/media//Video/Personal/projekte/Diashow für Bettinas Schwester/usb-backup/urDrive/Resources/UserGuide/Images/EsImages/image045.gif
/media/media//Video/Personal/projekte/Diashow für Bettinas Schwester/usb-backup/urDrive/Resources/UserGuide/Images/EsImages/image037.gif
/media/media//Video/Personal/projekte/Diashow für Bettinas Schwester/usb-backup/urDrive/Resources/UserGuide/Images/EsImages/image001.gif
/media/media//Video/Personal/projekte/Diashow für Bettinas Schwester/usb-backup/urDrive/Resources/UserGuide/Images/EsImages/image048.gif
/media/media//Video/Personal/projekte/Diashow für Bettinas Schwester/usb-backup/urDrive/Resources/UserGuide/Images/EsImages/image034.gif
/media/media//Video/Personal/projekte/Diashow für Bettinas Schwester/usb-backup/urDrive/Resources/UserGuide/Images/EsImages/image033.gif
/media/media//Video/Personal/projekte/Diashow für Bettinas Schwester/usb-backup/urDrive/Resources/UserGuide/Images/EsImages/image035.jpg
/media/media//Video/Personal/projekte/Diashow für Bettinas Schwester/usb-backup/urDrive/Resources/UserGuide/Images/EsImages/image049.gif
/media/media//Video/Personal/projekte/Diashow für Bettinas Schwester/usb-backup/urDrive/Resources/UserGuide/Images/EsImages/image040.gif
/media/media//Video/Personal/projekte/Diashow für Bettinas Schwester/usb-backup/urDrive/Resources/UserGuide/Images/EsImages/image056.gif
/media/media//Video/Personal/projekte/Diashow für Bettinas Schwester/usb-backup/urDrive/Resources/AdsBanner/Central & South America/default/en/Banner1/adsbanner.htm
/media/media//Video/Personal/projekte/Diashow für Bettinas Schwester/usb-backup/urDrive/Resources/AdsBanner/Central & South America/default/en/Banner1/WhatsNew.jpg
/media/media//Video/Personal/projekte/Diashow für Bettinas Schwester/usb-backup/urDrive/Resources/AdsBanner/Far East/en/Banner1/kblog-btn.jpg
/media/media//Video/Personal/projekte/Diashow für Bettinas Schwester/usb-backup/urDrive/Resources/AdsBanner/Far East/en/Banner1/adsbanner.htm
/media/media//Video/Personal/projekte/Diashow für Bettinas Schwester/usb-backup/urDrive/Resources/AdsBanner/Eastern Europe/default/en/Banner1/WhatsNew.jpg
/media/media//Video/Personal/projekte/Diashow für Bettinas Schwester/usb-backup/urDrive/Resources/AdsBanner/Eastern Europe/default/en/Banner1/adsbanner.htm
/media/media//Video/Personal/projekte/Diashow für Bettinas Schwester/usb-backup/urDrive/Resources/AdsBanner/Eastern Europe/en/Banner1/adsbanner.htm
/media/media//Video/Personal/projekte/Diashow für Bettinas Schwester/usb-backup/urDrive/Resources/AdsBanner/Eastern Europe/en/Banner1/WhatsNew.jpg
/media/media//Video/Personal/projekte/Diashow für Bettinas Schwester/usb-backup/urDrive/Resources/AdsBanner/Europe, Middle East, Africa/default/en/Banner1/WhatsNew.jpg
/media/media//Video/Personal/projekte/Diashow für Bettinas Schwester/usb-backup/urDrive/Resources/AdsBanner/Europe, Middle East, Africa/default/en/Banner1/adsbanner.htm
/media/media//Video/Personal/projekte/Diashow für Bettinas Schwester/usb-backup/urDrive/Resources/AdsBanner/Europe, Middle East, Africa/en/Banner1/adsbanner.htm
/media/media//Video/Personal/projekte/Diashow für Bettinas Schwester/usb-backup/urDrive/Resources/AdsBanner/Europe, Middle East, Africa/en/Banner1/WhatsNew.jpg
/media/media//Video/Personal/projekte/Diashow für Bettinas Schwester/usb-backup/urDrive/Resources/AdsBanner/Canada/en/Banner1/WhatsNew.jpg
/media/media//Video/Personal/projekte/Diashow für Bettinas Schwester/usb-backup/urDrive/Resources/AdsBanner/Canada/en/Banner1/adsbanner.htm
/media/media//Video/Personal/projekte/Diashow für Bettinas Schwester/usb-backup/urDrive/Resources/AdsBanner/Canada/default/en/Banner1/adsbanner.htm
/media/media//Video/Personal/projekte/Diashow für Bettinas Schwester/usb-backup/urDrive/Resources/AdsBanner/Canada/default/en/Banner1/WhatsNew.jpg
/media/media//Video/Personal/projekte/Diashow für Bettinas Schwester/usb-backup/urDrive/Resources/AdsBanner/US/default/en/Banner1/WhatsNew.jpg
/media/media//Video/Personal/projekte/Diashow für Bettinas Schwester/usb-backup/urDrive/Resources/AdsBanner/US/default/en/Banner1/adsbanner.htm
/media/media//Video/Personal/projekte/Diashow für Bettinas Schwester/usb-backup/urDrive/Resources/AdsBanner/US/en/Banner1/WhatsNew.jpg
/media/media//Video/Personal/projekte/Diashow für Bettinas Schwester/usb-backup/urDrive/Resources/AdsBanner/US/en/Banner1/adsbanner.htm
/media/media//Video/Personal/projekte/Diashow für Bettinas Schwester/usb-backup/urDrive/Resources/ErrorPage/zh-chs/urAppZonePageNotFound.htm
/media/media//Video/Personal/projekte/Diashow für Bettinas Schwester/usb-backup/urDrive/Resources/ErrorPage/en/images/popBG.png
/media/media//Video/Personal/projekte/Diashow für Bettinas Schwester/usb-backup/urDrive/Resources/ErrorPage/fr/urAppZonePageNotFound.htm
/media/media//Video/Personal/projekte/Diashow für Bettinas Schwester/usb-backup/urDrive/Resources/ErrorPage/fr/images/popBG.png
/media/media//Video/Personal/projekte/Diashow für Bettinas Schwester/usb-backup/urDrive/Resources/ErrorPage/zh-cht/images/popBG.png
/media/media//Video/Personal/projekte/Diashow für Bettinas Schwester/usb-backup/urDrive/Resources/ErrorPage/zh-cht/urAppZoneNotCompleteRequest.htm
/media/media//Video/Personal/projekte/Diashow für Bettinas Schwester/usb-backup/urDrive/Resources/ErrorPage/pl/images/popBG.png
/media/media//Video/Personal/projekte/Diashow für Bettinas Schwester/usb-backup/urDrive/Resources/ErrorPage/pl/urAppZonePageNotFound.htm
/media/media//Video/Personal/projekte/Diashow für Bettinas Schwester/usb-backup/urDrive/Resources/ErrorPage/es/images/popBG.png
/media/media//Video/Personal/projekte/Diashow für Bettinas Schwester/usb-backup/urDrive/Resources/ErrorPage/es/urAppZoneNotCompleteRequest.htm
/media/media//Video/Personal/projekte/Diashow für Bettinas Schwester/usb-backup/urDrive/Resources/ErrorPage/it/images/popBG.png
/media/media//Video/Personal/projekte/Diashow für Bettinas Schwester/usb-backup/urDrive/Resources/ErrorPage/it/urAppZonePageNotFound.htm
/media/media//Video/Personal/projekte/Diashow für Bettinas Schwester/usb-backup/urDrive/Resources/ErrorPage/tr/images/popBG.png
/media/media//Video/Personal/projekte/Diashow für Bettinas Schwester/usb-backup/urDrive/Resources/ErrorPage/tr/urAppZoneNotCompleteRequest.htm
/media/media//Video/Personal/projekte/Diashow für Bettinas Schwester/usb-backup/urDrive/Resources/ErrorPage/th/urAppZoneNotCompleteRequest.htm
/media/media//Video/Personal/projekte/Diashow für Bettinas Schwester/usb-backup/urDrive/Resources/ErrorPage/th/urAppZonePageNotFound.htm
/media/media//Video/Personal/projekte/Diashow für Bettinas Schwester/usb-backup/urDrive/Resources/ErrorPage/th/images/popBG.png
/media/media//Video/Personal/projekte/Diashow für Bettinas Schwester/usb-backup/urDrive/Resources/ErrorPage/th/urAppZoneunavailable.htm
/media/media//Video/Personal/projekte/Diashow für Bettinas Schwester/usb-backup/urDrive/Resources/ErrorPage/de/urAppZoneNotCompleteRequest.htm
/media/media//Video/Personal/projekte/Diashow für Bettinas Schwester/usb-backup/urDrive/Resources/ErrorPage/de/images/popBG.png
/media/media//Video/Personal/projekte/Diashow für Bettinas Schwester/usb-backup/urDrive/Resources/ErrorPage/ja/urAppZonePageNotFound.htm
/media/media//Video/Personal/projekte/Diashow für Bettinas Schwester/usb-backup/urDrive/Resources/ErrorPage/ja/images/popBG.png
/media/media//Video/Personal/projekte/Diashow für Bettinas Schwester/usb-backup/urDrive/Resources/ErrorPage/ru/urAppZoneNotCompleteRequest.htm
/media/media//Video/Personal/projekte/Diashow für Bettinas Schwester/usb-backup/urDrive/Resources/ErrorPage/ru/images/popBG.png
/media/media//Video/Personal/projekte/Diashow für Bettinas Schwester/usb-backup/urDrive/Resources/ErrorPage/pt/images/popBG.png
/media/media//Video/Personal/projekte/Diashow für Bettinas Schwester/usb-backup/urDrive/Resources/ErrorPage/pt/urAppZonePageNotFound.htm
/media/media//Video/Personal/projekte/Diashow für Bettinas Schwester/usb-backup/urDrive/Resources/KingstonNews/Canada/default/image_files/nav_ssd.jpg
/media/media//Video/Personal/projekte/Diashow für Bettinas Schwester/usb-backup/urDrive/Resources/KingstonNews/Canada/default/image_files/nav_cards.jpg
/media/media//Video/Personal/projekte/Diashow für Bettinas Schwester/usb-backup/urDrive/Resources/KingstonNews/Canada/default/image_files/background.jpg
/media/media//Video/Personal/projekte/Diashow für Bettinas Schwester/usb-backup/urDrive/Resources/KingstonNews/Canada/default/image_files/nav_usb.jpg
/media/media//Video/Personal/projekte/Diashow für Bettinas Schwester/usb-backup/urDrive/Resources/KingstonNews/Canada/default/image_files/nav_mobile.jpg
/media/media//Video/Personal/projekte/Diashow für Bettinas Schwester/usb-backup/urDrive/Resources/KingstonNews/Canada/default/image_files/preview_banner.jpg
/media/media//Video/Personal/projekte/Diashow für Bettinas Schwester/usb-backup/urDrive/Resources/KingstonNews/Canada/default/banner.htm
/media/media//Video/Personal/projekte/Diashow für Bettinas Schwester/usb-backup/urDrive/Resources/KingstonNews/Eastern Europe/en/image_files/nav_usb.jpg
/media/media//Video/Personal/projekte/Diashow für Bettinas Schwester/usb-backup/urDrive/Resources/KingstonNews/Eastern Europe/en/image_files/background.jpg
/media/media//Video/Personal/projekte/Diashow für Bettinas Schwester/usb-backup/urDrive/Resources/KingstonNews/Eastern Europe/en/image_files/nav_mobile.jpg
/media/media//Video/Personal/projekte/Diashow für Bettinas Schwester/usb-backup/urDrive/Resources/KingstonNews/Eastern Europe/en/image_files/nav_cards.jpg
/media/media//Video/Personal/projekte/Diashow für Bettinas Schwester/usb-backup/urDrive/Resources/KingstonNews/Eastern Europe/en/image_files/nav_ssd.jpg
/media/media//Video/Personal/projekte/Diashow für Bettinas Schwester/usb-backup/urDrive/Resources/KingstonNews/Eastern Europe/en/image_files/preview_banner.jpg
/media/media//Video/Personal/projekte/Diashow für Bettinas Schwester/usb-backup/urDrive/Resources/KingstonNews/Eastern Europe/en/banner.htm
/media/media//Video/Personal/projekte/Diashow für Bettinas Schwester/usb-backup/urDrive/Resources/KingstonNews/Eastern Europe/default/banner.htm
/media/media//Video/Personal/projekte/Diashow für Bettinas Schwester/usb-backup/urDrive/Resources/KingstonNews/Eastern Europe/default/image_files/nav_mobile.jpg
/media/media//Video/Personal/projekte/Diashow für Bettinas Schwester/usb-backup/urDrive/Resources/KingstonNews/Eastern Europe/default/image_files/background.jpg
/media/media//Video/Personal/projekte/Diashow für Bettinas Schwester/usb-backup/urDrive/Resources/KingstonNews/Eastern Europe/default/image_files/nav_ssd.jpg
/media/media//Video/Personal/projekte/Diashow für Bettinas Schwester/usb-backup/urDrive/Resources/KingstonNews/Eastern Europe/default/image_files/nav_cards.jpg
/media/media//Video/Personal/projekte/Diashow für Bettinas Schwester/usb-backup/urDrive/Resources/KingstonNews/Eastern Europe/default/image_files/nav_usb.jpg
/media/media//Video/Personal/projekte/Diashow für Bettinas Schwester/usb-backup/urDrive/Resources/KingstonNews/Eastern Europe/default/image_files/preview_banner.jpg
/media/media//Video/Personal/projekte/Diashow für Bettinas Schwester/usb-backup/urDrive/Resources/KingstonNews/Central & South America/default/banner.htm
/media/media//Video/Personal/projekte/Diashow für Bettinas Schwester/usb-backup/urDrive/Resources/KingstonNews/Central & South America/default/image_files/preview_banner.jpg
/media/media//Video/Personal/projekte/Diashow für Bettinas Schwester/usb-backup/urDrive/Resources/KingstonNews/Central & South America/default/image_files/nav_cards.jpg
/media/media//Video/Personal/projekte/Diashow für Bettinas Schwester/usb-backup/urDrive/Resources/KingstonNews/Central & South America/default/image_files/nav_ssd.jpg
/media/media//Video/Personal/projekte/Diashow für Bettinas Schwester/usb-backup/urDrive/Resources/KingstonNews/Central & South America/default/image_files/background.jpg
/media/media//Video/Personal/projekte/Diashow für Bettinas Schwester/usb-backup/urDrive/Resources/KingstonNews/Central & South America/default/image_files/nav_mobile.jpg
/media/media//Video/Personal/projekte/Diashow für Bettinas Schwester/usb-backup/urDrive/Resources/KingstonNews/Central & South America/default/image_files/nav_usb.jpg
/media/media//Video/Personal/projekte/Diashow für Bettinas Schwester/usb-backup/urDrive/Resources/KingstonNews/Central & South America/en/image_files/nav_usb.jpg
/media/media//Video/Personal/projekte/Diashow für Bettinas Schwester/usb-backup/urDrive/Resources/KingstonNews/Central & South America/en/image_files/nav_mobile.jpg
/media/media//Video/Personal/projekte/Diashow für Bettinas Schwester/usb-backup/urDrive/Resources/KingstonNews/Central & South America/en/image_files/nav_cards.jpg
/media/media//Video/Personal/projekte/Diashow für Bettinas Schwester/usb-backup/urDrive/Resources/KingstonNews/Central & South America/en/image_files/background.jpg
/media/media//Video/Personal/projekte/Diashow für Bettinas Schwester/usb-backup/urDrive/Resources/KingstonNews/Central & South America/en/image_files/preview_banner.jpg
/media/media//Video/Personal/projekte/Diashow für Bettinas Schwester/usb-backup/urDrive/Resources/KingstonNews/Central & South America/en/image_files/nav_ssd.jpg
/media/media//Video/Personal/projekte/Diashow für Bettinas Schwester/usb-backup/urDrive/Resources/KingstonNews/Central & South America/en/banner.htm
/media/media//Video/Personal/projekte/Diashow für Bettinas Schwester/usb-backup/urDrive/Resources/KingstonNews/US/default/banner.htm
/media/media//Video/Personal/projekte/Diashow für Bettinas Schwester/usb-backup/urDrive/Resources/KingstonNews/US/default/image_files/nav_ssd.jpg
/media/media//Video/Personal/projekte/Diashow für Bettinas Schwester/usb-backup/urDrive/Resources/KingstonNews/US/default/image_files/nav_mobile.jpg
/media/media//Video/Personal/projekte/Diashow für Bettinas Schwester/usb-backup/urDrive/Resources/KingstonNews/US/default/image_files/background.jpg
/media/media//Video/Personal/projekte/Diashow für Bettinas Schwester/usb-backup/urDrive/Resources/KingstonNews/US/default/image_files/nav_usb.jpg
/media/media//Video/Personal/projekte/Diashow für Bettinas Schwester/usb-backup/urDrive/Resources/KingstonNews/US/default/image_files/preview_banner.jpg
/media/media//Video/Personal/projekte/Diashow für Bettinas Schwester/usb-backup/urDrive/Resources/KingstonNews/US/default/image_files/nav_cards.jpg
/media/media//Video/Personal/projekte/Diashow für Bettinas Schwester/usb-backup/urDrive/Resources/KingstonNews/Far East/default/image_files/nav_usb.jpg
/media/media//Video/Personal/projekte/Diashow für Bettinas Schwester/usb-backup/urDrive/Resources/KingstonNews/Far East/default/image_files/nav_cards.jpg
/media/media//Video/Personal/projekte/Diashow für Bettinas Schwester/usb-backup/urDrive/Resources/KingstonNews/Far East/default/image_files/nav_ssd.jpg
/media/media//Video/Personal/projekte/Diashow für Bettinas Schwester/usb-backup/urDrive/Resources/KingstonNews/Far East/default/image_files/preview_banner.jpg
/media/media//Video/Personal/projekte/Diashow für Bettinas Schwester/usb-backup/urDrive/Resources/KingstonNews/Far East/default/image_files/nav_mobile.jpg
/media/media//Video/Personal/projekte/Diashow für Bettinas Schwester/usb-backup/urDrive/Resources/KingstonNews/Far East/default/image_files/background.jpg
/media/media//Video/Personal/projekte/Diashow für Bettinas Schwester/usb-backup/urDrive/Resources/KingstonNews/Far East/default/banner.htm
/media/media//Video/Personal/projekte/Diashow für Bettinas Schwester/usb-backup/urDrive/Resources/KingstonNews/Far East/en/banner.htm
/media/media//Video/Personal/projekte/Diashow für Bettinas Schwester/usb-backup/urDrive/Resources/KingstonNews/Far East/en/image_files/nav_usb.jpg
/media/media//Video/Personal/projekte/Diashow für Bettinas Schwester/usb-backup/urDrive/Resources/KingstonNews/Far East/en/image_files/nav_cards.jpg
/media/media//Video/Personal/projekte/Diashow für Bettinas Schwester/usb-backup/urDrive/Resources/KingstonNews/Far East/en/image_files/preview_banner.jpg
/media/media//Video/Personal/projekte/Diashow für Bettinas Schwester/usb-backup/urDrive/Resources/KingstonNews/Far East/en/image_files/nav_ssd.jpg
/media/media//Video/Personal/projekte/Diashow für Bettinas Schwester/usb-backup/urDrive/Resources/KingstonNews/Far East/en/image_files/nav_mobile.jpg
/media/media//Video/Personal/projekte/Diashow für Bettinas Schwester/usb-backup/urDrive/Resources/KingstonNews/Far East/en/image_files/background.jpg
/media/media//Video/Personal/projekte/Diashow für Bettinas Schwester/usb-backup/urDrive/Resources/KingstonNews/Europe, Middle East, Africa/en/image_files/nav_ssd.jpg
/media/media//Video/Personal/projekte/Diashow für Bettinas Schwester/usb-backup/urDrive/Resources/KingstonNews/Europe, Middle East, Africa/en/image_files/nav_mobile.jpg
/media/media//Video/Personal/projekte/Diashow für Bettinas Schwester/usb-backup/urDrive/Resources/KingstonNews/Europe, Middle East, Africa/en/image_files/background.jpg
/media/media//Video/Personal/projekte/Diashow für Bettinas Schwester/usb-backup/urDrive/Resources/KingstonNews/Europe, Middle East, Africa/en/image_files/preview_banner.jpg
/media/media//Video/Personal/projekte/Diashow für Bettinas Schwester/usb-backup/urDrive/Resources/KingstonNews/Europe, Middle East, Africa/en/image_files/nav_usb.jpg
/media/media//Video/Personal/projekte/Diashow für Bettinas Schwester/usb-backup/urDrive/Resources/KingstonNews/Europe, Middle East, Africa/en/image_files/nav_cards.jpg
/media/media//Video/Personal/projekte/Diashow für Bettinas Schwester/usb-backup/urDrive/Resources/KingstonNews/Europe, Middle East, Africa/en/banner.htm
/media/media//Video/Personal/projekte/Diashow für Bettinas Schwester/usb-backup/urDrive/Resources/KingstonNews/Europe, Middle East, Africa/default/banner.htm
/media/media//Video/Personal/projekte/Diashow für Bettinas Schwester/usb-backup/urDrive/Resources/KingstonNews/Europe, Middle East, Africa/default/image_files/background.jpg
/media/media//Video/Personal/projekte/Diashow für Bettinas Schwester/usb-backup/urDrive/Resources/KingstonNews/Europe, Middle East, Africa/default/image_files/nav_mobile.jpg
/media/media//Video/Personal/projekte/Diashow für Bettinas Schwester/usb-backup/urDrive/Resources/KingstonNews/Europe, Middle East, Africa/default/image_files/nav_ssd.jpg
/media/media//Video/Personal/projekte/Diashow für Bettinas Schwester/usb-backup/urDrive/Resources/KingstonNews/Europe, Middle East, Africa/default/image_files/nav_cards.jpg
/media/media//Video/Personal/projekte/Diashow für Bettinas Schwester/usb-backup/urDrive/Resources/KingstonNews/Europe, Middle East, Africa/default/image_files/preview_banner.jpg
/media/media//Video/Personal/projekte/Diashow für Bettinas Schwester/usb-backup/urDrive/Resources/KingstonNews/Europe, Middle East, Africa/default/image_files/nav_usb.jpg
/media/media//Video/Personal/projekte/Diashow für Bettinas Schwester/usb-backup/275.jpg
/media/media//Video/Personal/projekte/Diashow für Bettinas Schwester/usb-backup/351.jpg
/media/media//Video/Personal/projekte/Diashow für Bettinas Schwester/usb-backup/272.jpg
/media/media//Video/Personal/projekte/Diashow für Bettinas Schwester/usb-backup/58.jpg
/media/media//Video/Personal/projekte/Diashow für Bettinas Schwester/usb-backup/103.JPG
/media/media//Video/Personal/projekte/Diashow für Bettinas Schwester/usb-backup/324.jpg
/media/media//Video/Personal/projekte/Diashow für Bettinas Schwester/usb-backup/323.jpg
/media/media//Video/Personal/projekte/Diashow für Bettinas Schwester/usb-backup/85.JPG
/media/media//Video/Personal/projekte/Diashow für Bettinas Schwester/usb-backup/party (28).jpg
/media/media//Video/Personal/projekte/Diashow für Bettinas Schwester/usb-backup/party (63).jpg
/media/media//Video/Personal/projekte/Diashow für Bettinas Schwester/usb-backup/party (19).jpg
/media/media//Video/Personal/projekte/Diashow für Bettinas Schwester/usb-backup/12 (2).jpg
/media/media//Video/Personal/projekte/Diashow für Bettinas Schwester/usb-backup/party (23).JPG
/media/media//Video/Personal/projekte/Diashow für Bettinas Schwester/usb-backup/35.jpg
/media/media//Video/Personal/projekte/Diashow für Bettinas Schwester/usb-backup/347.jpg
/media/media//Video/Personal/projekte/Diashow für Bettinas Schwester/usb-backup/49.jpg
/media/media//Video/Personal/projekte/Diashow für Bettinas Schwester/usb-backup/party (30).jpg
/media/media//Video/Personal/projekte/Diashow für Bettinas Schwester/usb-backup/174.jpg
/media/media//Video/Personal/projekte/Diashow für Bettinas Schwester/usb-backup/354.JPG
/media/media//Video/Personal/projekte/Diashow für Bettinas Schwester/usb-backup/party (12).JPG
/media/media//Video/Personal/projekte/Diashow für Bettinas Schwester/usb-backup/251.jpg
/media/media//Video/Personal/projekte/Diashow für Bettinas Schwester/usb-backup/party (28-2).jpg
/media/media//Video/Personal/projekte/Diashow für Bettinas Schwester/usb-backup/party (56).jpg
/media/media//Video/Personal/projekte/Diashow für Bettinas Schwester/usb-backup/party (67).jpg
/media/media//Video/Personal/projekte/Diashow für Bettinas Schwester/usb-backup/287.jpg
/media/media//Video/Personal/projekte/Diashow für Bettinas Schwester/usb-backup/300.jpg
/media/media//Video/Personal/projekte/Diashow für Bettinas Schwester/usb-backup/313.JPG
/media/media//Video/Personal/projekte/Diashow für Bettinas Schwester/usb-backup/party (62).jpg
/media/media//Video/Personal/projekte/Diashow für Bettinas Schwester/usb-backup/95.JPG
/media/media//Video/Personal/projekte/Diashow für Bettinas Schwester/usb-backup/party (29).jpg
/media/media//Video/Personal/projekte/Diashow für Bettinas Schwester/usb-backup/13 (2).jpg
/media/media//Video/Personal/projekte/Diashow für Bettinas Schwester/usb-backup/party (19-2).jpg
/media/media//Video/Personal/projekte/Diashow für Bettinas Schwester/usb-backup/party (18).jpg
/media/media//Video/Personal/projekte/Diashow für Bettinas Schwester/usb-backup/92.JPG
/media/media//Video/Personal/projekte/Diashow für Bettinas Schwester/usb-backup/party (22).JPG
/media/media//Video/Personal/projekte/Diashow für Bettinas Schwester/usb-backup/25.jpg
/media/media//Video/Personal/projekte/Diashow für Bettinas Schwester/usb-backup/59.jpg
/media/media//Video/Personal/projekte/Diashow für Bettinas Schwester/usb-backup/260.JPG
/media/media//Video/Personal/projekte/Diashow für Bettinas Schwester/usb-backup/338.JPG
/media/media//Video/Personal/projekte/Diashow für Bettinas Schwester/usb-backup/350.jpg
/media/media//Video/Personal/projekte/Diashow für Bettinas Schwester/usb-backup/party (13).JPG
/media/media//Video/Personal/projekte/Diashow für Bettinas Schwester/usb-backup/party (57).jpg
/media/media//Video/Personal/projekte/Diashow für Bettinas Schwester/usb-backup/party (66).jpg
/media/media//Video/Personal/projekte/Diashow für Bettinas Schwester/usb-backup/5.JPG
/media/media//Video/Personal/projekte/Diashow für Bettinas Schwester/usb-backup/1 (2).JPG
/media/media//Video/Personal/projekte/Diashow für Bettinas Schwester/usb-backup/party (35).jpg
/media/media//Video/Personal/projekte/Diashow für Bettinas Schwester/usb-backup/party (7).JPG
/media/media//Video/Personal/projekte/Diashow für Bettinas Schwester/usb-backup/party (21).jpg
/media/media//Video/Personal/projekte/Diashow für Bettinas Schwester/usb-backup/10 (2).JPG
/media/media//Video/Personal/projekte/Diashow für Bettinas Schwester/usb-backup/281.jpg
/media/media//Video/Personal/projekte/Diashow für Bettinas Schwester/usb-backup/250.jpg
/media/media//Video/Personal/projekte/Diashow für Bettinas Schwester/usb-backup/14 (2).JPG
/media/media//Video/Personal/projekte/Diashow für Bettinas Schwester/usb-backup/6 (2).jpg
/media/media//Video/Personal/projekte/Diashow für Bettinas Schwester/usb-backup/172.jpg
/media/media//Video/Personal/projekte/Diashow für Bettinas Schwester/usb-backup/346.jpg
/media/media//Video/Personal/projekte/Diashow für Bettinas Schwester/usb-backup/48.jpg
/media/media//Video/Personal/projekte/Diashow für Bettinas Schwester/usb-backup/175.jpg
/media/media//Video/Personal/projekte/Diashow für Bettinas Schwester/usb-backup/348.jpg
/media/media//Video/Personal/projekte/Diashow für Bettinas Schwester/usb-backup/210.jpg
/media/media//Video/Personal/projekte/Diashow für Bettinas Schwester/usb-backup/83.JPG
/media/media//Video/Personal/projekte/Diashow für Bettinas Schwester/usb-backup/334.jpg
/media/media//Video/Personal/projekte/Diashow für Bettinas Schwester/usb-backup/41.jpg
/media/media//Video/Personal/projekte/Diashow für Bettinas Schwester/usb-backup/333.jpg
/media/media//Video/Personal/projekte/Diashow für Bettinas Schwester/usb-backup/party (25).jpg
/media/media//Video/Personal/projekte/Diashow für Bettinas Schwester/hochzeit teil 2 (hq)_temp_files/hochzeit teil 2 (hq)000001.ebmp
/media/media//Video/Personal/projekte/Diashow für Bettinas Schwester/hochzeit teil 3 (hq)_temp_files/hochzeit teil 3 (hq)000001.ebmp
/media/media//Video/Personal/kinder/tessa/badespaß/tessa badewanne.kdenlive
